[13:33:14:556] [INFO] - org.springframework.boot.StartupInfoLogger.logStarting(StartupInfoLogger.java:55) - Starting MallApplication on lishuangqideMacBook-Air.local with PID 2098 (/Users/lishuangqi/myselfwork/Java_example_learn/spring-mall/target/classes started by lishuangqi in /Users/lishuangqi/myselfwork/Java_example_learn/spring-mall)
[13:33:14:558] [INFO] - org.springframework.boot.SpringApplication.logStartupProfileInfo(SpringApplication.java:655) - The following profiles are active: dev
[13:33:15:100] [INFO] - org.springframework.data.repository.config.RepositoryConfigurationDelegate.multipleStoresDetected(RepositoryConfigurationDelegate.java:246) - Multiple Spring Data modules found, entering strict repository configuration mode!
[13:33:15:102] [INFO] - org.springframework.data.repository.config.RepositoryConfigurationDelegate.registerRepositoriesIn(RepositoryConfigurationDelegate.java:126) - Bootstrapping Spring Data repositories in DEFAULT mode.
[13:33:15:118] [INFO] - org.springframework.data.repository.config.RepositoryConfigurationDelegate.registerRepositoriesIn(RepositoryConfigurationDelegate.java:184) - Finished Spring Data repository scanning in 6ms. Found 0 repository interfaces.
[13:33:15:277] [INFO] - org.springframework.context.support.PostProcessorRegistrationDelegate$BeanPostProcessorChecker.postProcessAfterInitialization(PostProcessorRegistrationDelegate.java:330) - Bean 'org.springframework.transaction.annotation.ProxyTransactionManagementConfiguration' of type [org.springframework.transaction.annotation.ProxyTransactionManagementConfiguration] is not eligible for getting processed by all BeanPostProcessors (for example: not eligible for auto-proxying)
[13:33:15:525] [INFO] - org.springframework.boot.web.embedded.tomcat.TomcatWebServer.initialize(TomcatWebServer.java:92) - Tomcat initialized with port(s): 8081 (http)
[13:33:15:530] [INFO] - org.apache.juli.logging.DirectJDKLog.log(DirectJDKLog.java:173) - Initializing ProtocolHandler ["http-nio-8081"]
[13:33:15:530] [INFO] - org.apache.juli.logging.DirectJDKLog.log(DirectJDKLog.java:173) - Starting service [Tomcat]
[13:33:15:531] [INFO] - org.apache.juli.logging.DirectJDKLog.log(DirectJDKLog.java:173) - Starting Servlet engine: [Apache Tomcat/9.0.27]
[13:33:15:570] [INFO] - org.apache.juli.logging.DirectJDKLog.log(DirectJDKLog.java:173) - Initializing Spring embedded WebApplicationContext
[13:33:15:571] [INFO] - org.springframework.boot.web.servlet.context.ServletWebServerApplicationContext.prepareWebApplicationContext(ServletWebServerApplicationContext.java:284) - Root WebApplicationContext: initialization completed in 993 ms
[13:33:16:276] [INFO] - org.springframework.boot.actuate.endpoint.web.EndpointLinksResolver.<init>(EndpointLinksResolver.java:58) - Exposing 2 endpoint(s) beneath base path '/actuator'
[13:33:16:325] [INFO] - springfox.documentation.spring.web.PropertySourcedRequestMappingHandlerMapping.initHandlerMethods(PropertySourcedRequestMappingHandlerMapping.java:69) - Mapped URL path [/v2/api-docs] onto method [springfox.documentation.swagger2.web.Swagger2Controller#getDocumentation(String, HttpServletRequest)]
[13:33:16:665] [INFO] - springfox.documentation.spring.web.plugins.DocumentationPluginsBootstrapper.start(DocumentationPluginsBootstrapper.java:160) - Context refreshed
[13:33:16:673] [INFO] - springfox.documentation.spring.web.plugins.DocumentationPluginsBootstrapper.start(DocumentationPluginsBootstrapper.java:163) - Found 1 custom documentation plugin(s)
[13:33:16:690] [INFO] - springfox.documentation.spring.web.scanners.ApiListingReferenceScanner.scan(ApiListingReferenceScanner.java:41) - Scanning for api listing references
[13:33:16:810] [INFO] - springfox.documentation.spring.web.readers.operation.CachingOperationNameGenerator.startingWith(CachingOperationNameGenerator.java:40) - Generating unique operation named: handleUsingGET_1
[13:33:16:811] [INFO] - springfox.documentation.spring.web.readers.operation.CachingOperationNameGenerator.startingWith(CachingOperationNameGenerator.java:40) - Generating unique operation named: handleUsingGET_2
[13:33:16:826] [INFO] - springfox.documentation.spring.web.readers.operation.CachingOperationNameGenerator.startingWith(CachingOperationNameGenerator.java:40) - Generating unique operation named: listUsingPOST_1
[13:33:16:851] [INFO] - springfox.documentation.spring.web.readers.operation.CachingOperationNameGenerator.startingWith(CachingOperationNameGenerator.java:40) - Generating unique operation named: listUsingPOST_2
[13:33:16:859] [INFO] - springfox.documentation.spring.web.readers.operation.CachingOperationNameGenerator.startingWith(CachingOperationNameGenerator.java:40) - Generating unique operation named: detailUsingPOST_1
[13:33:16:862] [INFO] - springfox.documentation.spring.web.readers.operation.CachingOperationNameGenerator.startingWith(CachingOperationNameGenerator.java:40) - Generating unique operation named: listUsingPOST_3
[13:33:16:920] [INFO] - org.apache.juli.logging.DirectJDKLog.log(DirectJDKLog.java:173) - Starting ProtocolHandler ["http-nio-8081"]
[13:33:16:934] [INFO] - org.springframework.boot.web.embedded.tomcat.TomcatWebServer.start(TomcatWebServer.java:204) - Tomcat started on port(s): 8081 (http) with context path ''
[13:33:16:936] [INFO] - org.springframework.boot.StartupInfoLogger.logStarted(StartupInfoLogger.java:61) - Started MallApplication in 2.604 seconds (JVM running for 3.19)
[13:33:17:282] [INFO] - org.apache.juli.logging.DirectJDKLog.log(DirectJDKLog.java:173) - Initializing Spring DispatcherServlet 'dispatcherServlet'
[13:33:17:283] [INFO] - org.springframework.web.servlet.FrameworkServlet.initServletBean(FrameworkServlet.java:525) - Initializing Servlet 'dispatcherServlet'
[13:33:17:286] [INFO] - com.zaxxer.hikari.HikariDataSource.getConnection(HikariDataSource.java:110) - mall_datasource - Starting...
[13:33:17:288] [INFO] - org.springframework.web.servlet.FrameworkServlet.initServletBean(FrameworkServlet.java:547) - Completed initialization in 5 ms
[13:33:17:371] [INFO] - com.zaxxer.hikari.HikariDataSource.getConnection(HikariDataSource.java:123) - mall_datasource - Start completed.
[13:33:18:022] [WARN] - org.springframework.boot.actuate.health.AbstractHealthIndicator.health(AbstractHealthIndicator.java:87) - Mail health check failed
javax.mail.AuthenticationFailedException: 535 Login Fail. Please enter your authorization code to login. More information in http://service.mail.qq.com/cgi-bin/help?subtype=1&&id=28&&no=1001256

	at com.sun.mail.smtp.SMTPTransport$Authenticator.authenticate(SMTPTransport.java:947) ~[jakarta.mail-1.6.4.jar:1.6.4]
	at com.sun.mail.smtp.SMTPTransport.authenticate(SMTPTransport.java:858) ~[jakarta.mail-1.6.4.jar:1.6.4]
	at com.sun.mail.smtp.SMTPTransport.protocolConnect(SMTPTransport.java:762) ~[jakarta.mail-1.6.4.jar:1.6.4]
	at javax.mail.Service.connect(Service.java:342) ~[jakarta.mail-1.6.4.jar:1.6.4]
	at org.springframework.mail.javamail.JavaMailSenderImpl.connectTransport(JavaMailSenderImpl.java:518) ~[spring-context-support-5.2.1.RELEASE.jar:5.2.1.RELEASE]
	at org.springframework.mail.javamail.JavaMailSenderImpl.testConnection(JavaMailSenderImpl.java:398) ~[spring-context-support-5.2.1.RELEASE.jar:5.2.1.RELEASE]
	at org.springframework.boot.actuate.mail.MailHealthIndicator.doHealthCheck(MailHealthIndicator.java:42) ~[spring-boot-actuator-2.2.1.RELEASE.jar:2.2.1.RELEASE]
	at org.springframework.boot.actuate.health.AbstractHealthIndicator.health(AbstractHealthIndicator.java:82) ~[spring-boot-actuator-2.2.1.RELEASE.jar:2.2.1.RELEASE]
	at org.springframework.boot.actuate.health.HealthIndicator.getHealth(HealthIndicator.java:37) ~[spring-boot-actuator-2.2.1.RELEASE.jar:2.2.1.RELEASE]
	at org.springframework.boot.actuate.health.HealthEndpoint.getHealth(HealthEndpoint.java:81) ~[spring-boot-actuator-2.2.1.RELEASE.jar:2.2.1.RELEASE]
	at org.springframework.boot.actuate.health.HealthEndpoint.getHealth(HealthEndpoint.java:38) ~[spring-boot-actuator-2.2.1.RELEASE.jar:2.2.1.RELEASE]
	at org.springframework.boot.actuate.health.HealthEndpointSupport.getContribution(HealthEndpointSupport.java:108) ~[spring-boot-actuator-2.2.1.RELEASE.jar:2.2.1.RELEASE]
	at org.springframework.boot.actuate.health.HealthEndpointSupport.getAggregateHealth(HealthEndpointSupport.java:119) ~[spring-boot-actuator-2.2.1.RELEASE.jar:2.2.1.RELEASE]
	at org.springframework.boot.actuate.health.HealthEndpointSupport.getContribution(HealthEndpointSupport.java:105) ~[spring-boot-actuator-2.2.1.RELEASE.jar:2.2.1.RELEASE]
	at org.springframework.boot.actuate.health.HealthEndpointSupport.getHealth(HealthEndpointSupport.java:83) ~[spring-boot-actuator-2.2.1.RELEASE.jar:2.2.1.RELEASE]
	at org.springframework.boot.actuate.health.HealthEndpointSupport.getHealth(HealthEndpointSupport.java:70) ~[spring-boot-actuator-2.2.1.RELEASE.jar:2.2.1.RELEASE]
	at org.springframework.boot.actuate.health.HealthEndpoint.health(HealthEndpoint.java:75) ~[spring-boot-actuator-2.2.1.RELEASE.jar:2.2.1.RELEASE]
	at org.springframework.boot.actuate.health.HealthEndpoint.health(HealthEndpoint.java:65) ~[spring-boot-actuator-2.2.1.RELEASE.jar:2.2.1.RELEASE]
	at sun.reflect.NativeMethodAccessorImpl.invoke0(Native Method) ~[?:1.8.0_381]
	at sun.reflect.NativeMethodAccessorImpl.invoke(NativeMethodAccessorImpl.java:62) ~[?:1.8.0_381]
	at sun.reflect.DelegatingMethodAccessorImpl.invoke(DelegatingMethodAccessorImpl.java:43) ~[?:1.8.0_381]
	at java.lang.reflect.Method.invoke(Method.java:498) ~[?:1.8.0_381]
	at org.springframework.util.ReflectionUtils.invokeMethod(ReflectionUtils.java:279) ~[spring-core-5.2.1.RELEASE.jar:5.2.1.RELEASE]
	at org.springframework.boot.actuate.endpoint.invoke.reflect.ReflectiveOperationInvoker.invoke(ReflectiveOperationInvoker.java:77) ~[spring-boot-actuator-2.2.1.RELEASE.jar:2.2.1.RELEASE]
	at org.springframework.boot.actuate.endpoint.annotation.AbstractDiscoveredOperation.invoke(AbstractDiscoveredOperation.java:60) ~[spring-boot-actuator-2.2.1.RELEASE.jar:2.2.1.RELEASE]
	at org.springframework.boot.actuate.endpoint.jmx.EndpointMBean.invoke(EndpointMBean.java:121) ~[spring-boot-actuator-2.2.1.RELEASE.jar:2.2.1.RELEASE]
	at org.springframework.boot.actuate.endpoint.jmx.EndpointMBean.invoke(EndpointMBean.java:96) ~[spring-boot-actuator-2.2.1.RELEASE.jar:2.2.1.RELEASE]
	at com.sun.jmx.interceptor.DefaultMBeanServerInterceptor.invoke(DefaultMBeanServerInterceptor.java:819) ~[?:1.8.0_381]
	at com.sun.jmx.mbeanserver.JmxMBeanServer.invoke(JmxMBeanServer.java:801) ~[?:1.8.0_381]
	at javax.management.remote.rmi.RMIConnectionImpl.doOperation(RMIConnectionImpl.java:1468) ~[?:1.8.0_381]
	at javax.management.remote.rmi.RMIConnectionImpl.access$300(RMIConnectionImpl.java:76) ~[?:1.8.0_381]
	at javax.management.remote.rmi.RMIConnectionImpl$PrivilegedOperation.run(RMIConnectionImpl.java:1309) ~[?:1.8.0_381]
	at javax.management.remote.rmi.RMIConnectionImpl.doPrivilegedOperation(RMIConnectionImpl.java:1401) ~[?:1.8.0_381]
	at javax.management.remote.rmi.RMIConnectionImpl.invoke(RMIConnectionImpl.java:829) ~[?:1.8.0_381]
	at sun.reflect.GeneratedMethodAccessor120.invoke(Unknown Source) ~[?:?]
	at sun.reflect.DelegatingMethodAccessorImpl.invoke(DelegatingMethodAccessorImpl.java:43) ~[?:1.8.0_381]
	at java.lang.reflect.Method.invoke(Method.java:498) ~[?:1.8.0_381]
	at sun.rmi.server.UnicastServerRef.dispatch(UnicastServerRef.java:357) ~[?:1.8.0_381]
	at sun.rmi.transport.Transport$1.run(Transport.java:200) ~[?:1.8.0_381]
	at sun.rmi.transport.Transport$1.run(Transport.java:197) ~[?:1.8.0_381]
	at java.security.AccessController.doPrivileged(Native Method) ~[?:1.8.0_381]
	at sun.rmi.transport.Transport.serviceCall(Transport.java:196) ~[?:1.8.0_381]
	at sun.rmi.transport.tcp.TCPTransport.handleMessages(TCPTransport.java:573) ~[?:1.8.0_381]
	at sun.rmi.transport.tcp.TCPTransport$ConnectionHandler.run0(TCPTransport.java:834) ~[?:1.8.0_381]
	at sun.rmi.transport.tcp.TCPTransport$ConnectionHandler.lambda$run$0(TCPTransport.java:688) ~[?:1.8.0_381]
	at java.security.AccessController.doPrivileged(Native Method) ~[?:1.8.0_381]
	at sun.rmi.transport.tcp.TCPTransport$ConnectionHandler.run(TCPTransport.java:687) [?:1.8.0_381]
	at java.util.concurrent.ThreadPoolExecutor.runWorker(ThreadPoolExecutor.java:1149) [?:1.8.0_381]
	at java.util.concurrent.ThreadPoolExecutor$Worker.run(ThreadPoolExecutor.java:624) [?:1.8.0_381]
	at java.lang.Thread.run(Thread.java:750) [?:1.8.0_381]
[13:33:18:174] [INFO] - io.lettuce.core.EpollProvider.<clinit>(EpollProvider.java:68) - Starting without optional epoll library
[13:33:18:175] [INFO] - io.lettuce.core.KqueueProvider.<clinit>(KqueueProvider.java:70) - Starting without optional kqueue library
[13:34:26:282] [INFO] - com.module.mall.filter.WebLogAspect.doBefore(WebLogAspect.java:39) - request url:http://127.0.0.1:8081/product/detail
[13:34:26:283] [INFO] - com.module.mall.filter.WebLogAspect.doBefore(WebLogAspect.java:40) - request method:POST
[13:34:26:283] [INFO] - com.module.mall.filter.WebLogAspect.doBefore(WebLogAspect.java:41) - args : [2]
[13:34:26:341] [INFO] - com.module.mall.filter.WebLogAspect.doAfterReturning(WebLogAspect.java:46) - return response : {"status":10000,"msg":"success","data":{"id":2,"name":"my澳洲进口大黑车厘子大樱桃包甜黑樱桃大果多汁 500g 特大果","image":"http://111.231.103.117:8081/images/chelizi2.jpg","detail":"商品毛重：1.0kg货号：608323093445原产地：智利类别：美早热卖时间：1月，11月，12月国产/进口：进口售卖方式：单品","categoryId":14,"price":50,"stock":100,"status":1,"createTime":1576656495000,"updateTime":1704627398000}}
[13:34:54:987] [INFO] - com.zaxxer.hikari.HikariDataSource.close(HikariDataSource.java:350) - mall_datasource - Shutdown initiated...
[13:34:54:989] [INFO] - com.zaxxer.hikari.HikariDataSource.close(HikariDataSource.java:352) - mall_datasource - Shutdown completed.
[14:04:07:240] [INFO] - org.springframework.boot.StartupInfoLogger.logStarting(StartupInfoLogger.java:55) - Starting MallApplication on lishuangqideMacBook-Air.local with PID 42864 (/Users/lishuangqi/myselfwork/Java_example_learn/spring-mall/target/classes started by lishuangqi in /Users/lishuangqi/myselfwork/Java_example_learn/spring-mall)
[14:04:07:241] [INFO] - org.springframework.boot.SpringApplication.logStartupProfileInfo(SpringApplication.java:655) - The following profiles are active: dev
[14:04:07:739] [INFO] - org.springframework.data.repository.config.RepositoryConfigurationDelegate.multipleStoresDetected(RepositoryConfigurationDelegate.java:246) - Multiple Spring Data modules found, entering strict repository configuration mode!
[14:04:07:741] [INFO] - org.springframework.data.repository.config.RepositoryConfigurationDelegate.registerRepositoriesIn(RepositoryConfigurationDelegate.java:126) - Bootstrapping Spring Data repositories in DEFAULT mode.
[14:04:07:753] [INFO] - org.springframework.data.repository.config.RepositoryConfigurationDelegate.registerRepositoriesIn(RepositoryConfigurationDelegate.java:184) - Finished Spring Data repository scanning in 4ms. Found 0 repository interfaces.
[14:04:07:891] [INFO] - org.springframework.context.support.PostProcessorRegistrationDelegate$BeanPostProcessorChecker.postProcessAfterInitialization(PostProcessorRegistrationDelegate.java:330) - Bean 'org.springframework.transaction.annotation.ProxyTransactionManagementConfiguration' of type [org.springframework.transaction.annotation.ProxyTransactionManagementConfiguration] is not eligible for getting processed by all BeanPostProcessors (for example: not eligible for auto-proxying)
[14:04:08:137] [INFO] - org.springframework.boot.web.embedded.tomcat.TomcatWebServer.initialize(TomcatWebServer.java:92) - Tomcat initialized with port(s): 8081 (http)
[14:04:08:141] [INFO] - org.apache.juli.logging.DirectJDKLog.log(DirectJDKLog.java:173) - Initializing ProtocolHandler ["http-nio-8081"]
[14:04:08:141] [INFO] - org.apache.juli.logging.DirectJDKLog.log(DirectJDKLog.java:173) - Starting service [Tomcat]
[14:04:08:141] [INFO] - org.apache.juli.logging.DirectJDKLog.log(DirectJDKLog.java:173) - Starting Servlet engine: [Apache Tomcat/9.0.27]
[14:04:08:177] [INFO] - org.apache.juli.logging.DirectJDKLog.log(DirectJDKLog.java:173) - Initializing Spring embedded WebApplicationContext
[14:04:08:177] [INFO] - org.springframework.boot.web.servlet.context.ServletWebServerApplicationContext.prepareWebApplicationContext(ServletWebServerApplicationContext.java:284) - Root WebApplicationContext: initialization completed in 916 ms
[14:04:08:884] [INFO] - org.springframework.boot.actuate.endpoint.web.EndpointLinksResolver.<init>(EndpointLinksResolver.java:58) - Exposing 2 endpoint(s) beneath base path '/actuator'
[14:04:08:936] [INFO] - springfox.documentation.spring.web.PropertySourcedRequestMappingHandlerMapping.initHandlerMethods(PropertySourcedRequestMappingHandlerMapping.java:69) - Mapped URL path [/v2/api-docs] onto method [springfox.documentation.swagger2.web.Swagger2Controller#getDocumentation(String, HttpServletRequest)]
[14:04:09:274] [INFO] - springfox.documentation.spring.web.plugins.DocumentationPluginsBootstrapper.start(DocumentationPluginsBootstrapper.java:160) - Context refreshed
[14:04:09:282] [INFO] - springfox.documentation.spring.web.plugins.DocumentationPluginsBootstrapper.start(DocumentationPluginsBootstrapper.java:163) - Found 1 custom documentation plugin(s)
[14:04:09:296] [INFO] - springfox.documentation.spring.web.scanners.ApiListingReferenceScanner.scan(ApiListingReferenceScanner.java:41) - Scanning for api listing references
[14:04:09:414] [INFO] - springfox.documentation.spring.web.readers.operation.CachingOperationNameGenerator.startingWith(CachingOperationNameGenerator.java:40) - Generating unique operation named: handleUsingGET_1
[14:04:09:415] [INFO] - springfox.documentation.spring.web.readers.operation.CachingOperationNameGenerator.startingWith(CachingOperationNameGenerator.java:40) - Generating unique operation named: handleUsingGET_2
[14:04:09:431] [INFO] - springfox.documentation.spring.web.readers.operation.CachingOperationNameGenerator.startingWith(CachingOperationNameGenerator.java:40) - Generating unique operation named: listUsingPOST_1
[14:04:09:457] [INFO] - springfox.documentation.spring.web.readers.operation.CachingOperationNameGenerator.startingWith(CachingOperationNameGenerator.java:40) - Generating unique operation named: listUsingPOST_2
[14:04:09:464] [INFO] - springfox.documentation.spring.web.readers.operation.CachingOperationNameGenerator.startingWith(CachingOperationNameGenerator.java:40) - Generating unique operation named: detailUsingPOST_1
[14:04:09:468] [INFO] - springfox.documentation.spring.web.readers.operation.CachingOperationNameGenerator.startingWith(CachingOperationNameGenerator.java:40) - Generating unique operation named: listUsingPOST_3
[14:04:09:527] [INFO] - org.apache.juli.logging.DirectJDKLog.log(DirectJDKLog.java:173) - Starting ProtocolHandler ["http-nio-8081"]
[14:04:09:544] [INFO] - org.springframework.boot.web.embedded.tomcat.TomcatWebServer.start(TomcatWebServer.java:204) - Tomcat started on port(s): 8081 (http) with context path ''
[14:04:09:545] [INFO] - org.springframework.boot.StartupInfoLogger.logStarted(StartupInfoLogger.java:61) - Started MallApplication in 2.549 seconds (JVM running for 3.191)
[14:04:09:798] [INFO] - org.apache.juli.logging.DirectJDKLog.log(DirectJDKLog.java:173) - Initializing Spring DispatcherServlet 'dispatcherServlet'
[14:04:09:798] [INFO] - org.springframework.web.servlet.FrameworkServlet.initServletBean(FrameworkServlet.java:525) - Initializing Servlet 'dispatcherServlet'
[14:04:09:805] [INFO] - org.springframework.web.servlet.FrameworkServlet.initServletBean(FrameworkServlet.java:547) - Completed initialization in 7 ms
[14:04:09:805] [INFO] - com.zaxxer.hikari.HikariDataSource.getConnection(HikariDataSource.java:110) - mall_datasource - Starting...
[14:04:09:882] [INFO] - com.zaxxer.hikari.HikariDataSource.getConnection(HikariDataSource.java:123) - mall_datasource - Start completed.
[14:04:10:536] [WARN] - org.springframework.boot.actuate.health.AbstractHealthIndicator.health(AbstractHealthIndicator.java:87) - Mail health check failed
javax.mail.AuthenticationFailedException: 535 Login Fail. Please enter your authorization code to login. More information in http://service.mail.qq.com/cgi-bin/help?subtype=1&&id=28&&no=1001256

	at com.sun.mail.smtp.SMTPTransport$Authenticator.authenticate(SMTPTransport.java:947) ~[jakarta.mail-1.6.4.jar:1.6.4]
	at com.sun.mail.smtp.SMTPTransport.authenticate(SMTPTransport.java:858) ~[jakarta.mail-1.6.4.jar:1.6.4]
	at com.sun.mail.smtp.SMTPTransport.protocolConnect(SMTPTransport.java:762) ~[jakarta.mail-1.6.4.jar:1.6.4]
	at javax.mail.Service.connect(Service.java:342) ~[jakarta.mail-1.6.4.jar:1.6.4]
	at org.springframework.mail.javamail.JavaMailSenderImpl.connectTransport(JavaMailSenderImpl.java:518) ~[spring-context-support-5.2.1.RELEASE.jar:5.2.1.RELEASE]
	at org.springframework.mail.javamail.JavaMailSenderImpl.testConnection(JavaMailSenderImpl.java:398) ~[spring-context-support-5.2.1.RELEASE.jar:5.2.1.RELEASE]
	at org.springframework.boot.actuate.mail.MailHealthIndicator.doHealthCheck(MailHealthIndicator.java:42) ~[spring-boot-actuator-2.2.1.RELEASE.jar:2.2.1.RELEASE]
	at org.springframework.boot.actuate.health.AbstractHealthIndicator.health(AbstractHealthIndicator.java:82) ~[spring-boot-actuator-2.2.1.RELEASE.jar:2.2.1.RELEASE]
	at org.springframework.boot.actuate.health.HealthIndicator.getHealth(HealthIndicator.java:37) ~[spring-boot-actuator-2.2.1.RELEASE.jar:2.2.1.RELEASE]
	at org.springframework.boot.actuate.health.HealthEndpoint.getHealth(HealthEndpoint.java:81) ~[spring-boot-actuator-2.2.1.RELEASE.jar:2.2.1.RELEASE]
	at org.springframework.boot.actuate.health.HealthEndpoint.getHealth(HealthEndpoint.java:38) ~[spring-boot-actuator-2.2.1.RELEASE.jar:2.2.1.RELEASE]
	at org.springframework.boot.actuate.health.HealthEndpointSupport.getContribution(HealthEndpointSupport.java:108) ~[spring-boot-actuator-2.2.1.RELEASE.jar:2.2.1.RELEASE]
	at org.springframework.boot.actuate.health.HealthEndpointSupport.getAggregateHealth(HealthEndpointSupport.java:119) ~[spring-boot-actuator-2.2.1.RELEASE.jar:2.2.1.RELEASE]
	at org.springframework.boot.actuate.health.HealthEndpointSupport.getContribution(HealthEndpointSupport.java:105) ~[spring-boot-actuator-2.2.1.RELEASE.jar:2.2.1.RELEASE]
	at org.springframework.boot.actuate.health.HealthEndpointSupport.getHealth(HealthEndpointSupport.java:83) ~[spring-boot-actuator-2.2.1.RELEASE.jar:2.2.1.RELEASE]
	at org.springframework.boot.actuate.health.HealthEndpointSupport.getHealth(HealthEndpointSupport.java:70) ~[spring-boot-actuator-2.2.1.RELEASE.jar:2.2.1.RELEASE]
	at org.springframework.boot.actuate.health.HealthEndpoint.health(HealthEndpoint.java:75) ~[spring-boot-actuator-2.2.1.RELEASE.jar:2.2.1.RELEASE]
	at org.springframework.boot.actuate.health.HealthEndpoint.health(HealthEndpoint.java:65) ~[spring-boot-actuator-2.2.1.RELEASE.jar:2.2.1.RELEASE]
	at sun.reflect.NativeMethodAccessorImpl.invoke0(Native Method) ~[?:1.8.0_381]
	at sun.reflect.NativeMethodAccessorImpl.invoke(NativeMethodAccessorImpl.java:62) ~[?:1.8.0_381]
	at sun.reflect.DelegatingMethodAccessorImpl.invoke(DelegatingMethodAccessorImpl.java:43) ~[?:1.8.0_381]
	at java.lang.reflect.Method.invoke(Method.java:498) ~[?:1.8.0_381]
	at org.springframework.util.ReflectionUtils.invokeMethod(ReflectionUtils.java:279) ~[spring-core-5.2.1.RELEASE.jar:5.2.1.RELEASE]
	at org.springframework.boot.actuate.endpoint.invoke.reflect.ReflectiveOperationInvoker.invoke(ReflectiveOperationInvoker.java:77) ~[spring-boot-actuator-2.2.1.RELEASE.jar:2.2.1.RELEASE]
	at org.springframework.boot.actuate.endpoint.annotation.AbstractDiscoveredOperation.invoke(AbstractDiscoveredOperation.java:60) ~[spring-boot-actuator-2.2.1.RELEASE.jar:2.2.1.RELEASE]
	at org.springframework.boot.actuate.endpoint.jmx.EndpointMBean.invoke(EndpointMBean.java:121) ~[spring-boot-actuator-2.2.1.RELEASE.jar:2.2.1.RELEASE]
	at org.springframework.boot.actuate.endpoint.jmx.EndpointMBean.invoke(EndpointMBean.java:96) ~[spring-boot-actuator-2.2.1.RELEASE.jar:2.2.1.RELEASE]
	at com.sun.jmx.interceptor.DefaultMBeanServerInterceptor.invoke(DefaultMBeanServerInterceptor.java:819) ~[?:1.8.0_381]
	at com.sun.jmx.mbeanserver.JmxMBeanServer.invoke(JmxMBeanServer.java:801) ~[?:1.8.0_381]
	at javax.management.remote.rmi.RMIConnectionImpl.doOperation(RMIConnectionImpl.java:1468) ~[?:1.8.0_381]
	at javax.management.remote.rmi.RMIConnectionImpl.access$300(RMIConnectionImpl.java:76) ~[?:1.8.0_381]
	at javax.management.remote.rmi.RMIConnectionImpl$PrivilegedOperation.run(RMIConnectionImpl.java:1309) ~[?:1.8.0_381]
	at javax.management.remote.rmi.RMIConnectionImpl.doPrivilegedOperation(RMIConnectionImpl.java:1401) ~[?:1.8.0_381]
	at javax.management.remote.rmi.RMIConnectionImpl.invoke(RMIConnectionImpl.java:829) ~[?:1.8.0_381]
	at sun.reflect.GeneratedMethodAccessor119.invoke(Unknown Source) ~[?:?]
	at sun.reflect.DelegatingMethodAccessorImpl.invoke(DelegatingMethodAccessorImpl.java:43) ~[?:1.8.0_381]
	at java.lang.reflect.Method.invoke(Method.java:498) ~[?:1.8.0_381]
	at sun.rmi.server.UnicastServerRef.dispatch(UnicastServerRef.java:357) ~[?:1.8.0_381]
	at sun.rmi.transport.Transport$1.run(Transport.java:200) ~[?:1.8.0_381]
	at sun.rmi.transport.Transport$1.run(Transport.java:197) ~[?:1.8.0_381]
	at java.security.AccessController.doPrivileged(Native Method) ~[?:1.8.0_381]
	at sun.rmi.transport.Transport.serviceCall(Transport.java:196) ~[?:1.8.0_381]
	at sun.rmi.transport.tcp.TCPTransport.handleMessages(TCPTransport.java:573) ~[?:1.8.0_381]
	at sun.rmi.transport.tcp.TCPTransport$ConnectionHandler.run0(TCPTransport.java:834) ~[?:1.8.0_381]
	at sun.rmi.transport.tcp.TCPTransport$ConnectionHandler.lambda$run$0(TCPTransport.java:688) ~[?:1.8.0_381]
	at java.security.AccessController.doPrivileged(Native Method) ~[?:1.8.0_381]
	at sun.rmi.transport.tcp.TCPTransport$ConnectionHandler.run(TCPTransport.java:687) [?:1.8.0_381]
	at java.util.concurrent.ThreadPoolExecutor.runWorker(ThreadPoolExecutor.java:1149) [?:1.8.0_381]
	at java.util.concurrent.ThreadPoolExecutor$Worker.run(ThreadPoolExecutor.java:624) [?:1.8.0_381]
	at java.lang.Thread.run(Thread.java:750) [?:1.8.0_381]
[14:04:10:701] [INFO] - io.lettuce.core.EpollProvider.<clinit>(EpollProvider.java:68) - Starting without optional epoll library
[14:04:10:702] [INFO] - io.lettuce.core.KqueueProvider.<clinit>(KqueueProvider.java:70) - Starting without optional kqueue library
[14:05:59:467] [INFO] - com.module.mall.filter.WebLogAspect.doBefore(WebLogAspect.java:39) - request url:http://127.0.0.1:8081/user/loginWithJwt
[14:05:59:467] [INFO] - com.module.mall.filter.WebLogAspect.doBefore(WebLogAspect.java:40) - request method:POST
[14:05:59:467] [INFO] - com.module.mall.filter.WebLogAspect.doBefore(WebLogAspect.java:41) - args : [administrator, asb#1234]
[14:06:11:501] [INFO] - com.module.mall.filter.WebLogAspect.doBefore(WebLogAspect.java:39) - request url:http://127.0.0.1:8081/user/loginWithJwt
[14:06:11:501] [INFO] - com.module.mall.filter.WebLogAspect.doBefore(WebLogAspect.java:40) - request method:POST
[14:06:11:501] [INFO] - com.module.mall.filter.WebLogAspect.doBefore(WebLogAspect.java:41) - args : [test, test]
[14:06:27:180] [INFO] - com.module.mall.filter.WebLogAspect.doBefore(WebLogAspect.java:39) - request url:http://127.0.0.1:8081/user/loginWithJwt
[14:06:27:180] [INFO] - com.module.mall.filter.WebLogAspect.doBefore(WebLogAspect.java:40) - request method:POST
[14:06:27:181] [INFO] - com.module.mall.filter.WebLogAspect.doBefore(WebLogAspect.java:41) - args : [test1, testtest1]
[14:06:27:332] [INFO] - com.module.mall.filter.WebLogAspect.doAfterReturning(WebLogAspect.java:46) - return response : {"status":10000,"msg":"success","data":"eyJ0eXAiOiJKV1QiLCJhbGciOiJIUzI1NiJ9.eyJ1c2VyX3JvbGUiOjEsInVzZXJfaWQiOjE0LCJ1c2VyX25hbWUiOiJ0ZXN0MSIsImV4cCI6MTc5MzA4MTE4N30.pcn-5qESrJ37qXQuyJNsD6pSUt3jh48KxB8AlsXysi4"}
[14:07:29:484] [INFO] - com.module.mall.filter.WebLogAspect.doBefore(WebLogAspect.java:39) - request url:http://127.0.0.1:8081/user/loginWithJwt
[14:07:29:485] [INFO] - com.module.mall.filter.WebLogAspect.doBefore(WebLogAspect.java:40) - request method:POST
[14:07:29:486] [INFO] - com.module.mall.filter.WebLogAspect.doBefore(WebLogAspect.java:41) - args : [test1, test1test1]
[14:08:07:030] [INFO] - com.module.mall.filter.WebLogAspect.doBefore(WebLogAspect.java:39) - request url:http://127.0.0.1:8081/user/login
[14:08:07:031] [INFO] - com.module.mall.filter.WebLogAspect.doBefore(WebLogAspect.java:40) - request method:POST
[14:08:07:031] [INFO] - com.module.mall.filter.WebLogAspect.doBefore(WebLogAspect.java:41) - args : [test1, test1test1, org.apache.catalina.session.StandardSessionFacade@56c8d470]
[14:08:21:258] [INFO] - com.module.mall.filter.WebLogAspect.doBefore(WebLogAspect.java:39) - request url:http://127.0.0.1:8081/user/login
[14:08:21:258] [INFO] - com.module.mall.filter.WebLogAspect.doBefore(WebLogAspect.java:40) - request method:POST
[14:08:21:259] [INFO] - com.module.mall.filter.WebLogAspect.doBefore(WebLogAspect.java:41) - args : [test1, testtest1, org.apache.catalina.session.StandardSessionFacade@29371c66]
[14:08:21:271] [INFO] - com.module.mall.filter.WebLogAspect.doAfterReturning(WebLogAspect.java:46) - return response : {"status":10000,"msg":"success","data":{"id":14,"username":"test1","password":null,"emailAddress":null,"personalizedSignature":"积水保使","role":1,"createTime":1697461206000,"updateTime":1699104714000}}
[14:08:27:743] [INFO] - com.module.mall.filter.WebLogAspect.doBefore(WebLogAspect.java:39) - request url:http://127.0.0.1:8081/user/login
[14:08:27:743] [INFO] - com.module.mall.filter.WebLogAspect.doBefore(WebLogAspect.java:40) - request method:POST
[14:08:27:743] [INFO] - com.module.mall.filter.WebLogAspect.doBefore(WebLogAspect.java:41) - args : [test1, test1test1, org.apache.catalina.session.StandardSessionFacade@132e6b0e]
[14:08:41:320] [INFO] - com.module.mall.filter.WebLogAspect.doBefore(WebLogAspect.java:39) - request url:http://127.0.0.1:8081/user/login
[14:08:41:320] [INFO] - com.module.mall.filter.WebLogAspect.doBefore(WebLogAspect.java:40) - request method:POST
[14:08:41:320] [INFO] - com.module.mall.filter.WebLogAspect.doBefore(WebLogAspect.java:41) - args : [test1, test1test1, org.apache.catalina.session.StandardSessionFacade@5755f3dd]
[14:09:29:331] [INFO] - com.module.mall.filter.WebLogAspect.doBefore(WebLogAspect.java:39) - request url:http://127.0.0.1:8081/user/login
[14:09:29:331] [INFO] - com.module.mall.filter.WebLogAspect.doBefore(WebLogAspect.java:40) - request method:POST
[14:09:29:331] [INFO] - com.module.mall.filter.WebLogAspect.doBefore(WebLogAspect.java:41) - args : [test1, testtest1, org.apache.catalina.session.StandardSessionFacade@497242cf]
[14:09:29:342] [INFO] - com.module.mall.filter.WebLogAspect.doAfterReturning(WebLogAspect.java:46) - return response : {"status":10000,"msg":"success","data":{"id":14,"username":"test1","password":null,"emailAddress":null,"personalizedSignature":"积水保使","role":1,"createTime":1697461206000,"updateTime":1699104714000}}
[14:09:29:351] [INFO] - com.module.mall.filter.WebLogAspect.doBefore(WebLogAspect.java:39) - request url:http://127.0.0.1:8081/user/loginWithJwt
[14:09:29:351] [INFO] - com.module.mall.filter.WebLogAspect.doBefore(WebLogAspect.java:40) - request method:POST
[14:09:29:351] [INFO] - com.module.mall.filter.WebLogAspect.doBefore(WebLogAspect.java:41) - args : [test1, testtest1]
[14:09:29:358] [INFO] - com.module.mall.filter.WebLogAspect.doAfterReturning(WebLogAspect.java:46) - return response : {"status":10000,"msg":"success","data":"eyJ0eXAiOiJKV1QiLCJhbGciOiJIUzI1NiJ9.eyJ1c2VyX3JvbGUiOjEsInVzZXJfaWQiOjE0LCJ1c2VyX25hbWUiOiJ0ZXN0MSIsImV4cCI6MTc5MzA4MTM2OX0.vgx5HJW78oSKL8xKOskQMbQCLfCg-g_rpq7-XiqmZIY"}
[14:09:29:426] [INFO] - com.module.mall.filter.WebLogAspect.doBefore(WebLogAspect.java:39) - request url:http://127.0.0.1:8081/category/list
[14:09:29:426] [INFO] - com.module.mall.filter.WebLogAspect.doBefore(WebLogAspect.java:40) - request method:POST
[14:09:29:426] [INFO] - com.module.mall.filter.WebLogAspect.doBefore(WebLogAspect.java:41) - args : []
[14:09:29:618] [INFO] - com.module.mall.filter.WebLogAspect.doAfterReturning(WebLogAspect.java:46) - return response : {"status":10000,"msg":"success","data":[{"id":3,"name":"新鲜水果","type":1,"parentId":0,"orderNum":1,"createTime":1576603020000,"updateTime":1577524286000,"childCategory":[{"id":4,"name":"橘子橙子","type":2,"parentId":3,"orderNum":1,"createTime":1576603020000,"updateTime":1577521510000,"childCategory":[{"id":19,"name":"果冻橙","type":3,"parentId":4,"orderNum":1,"createTime":1576603020000,"updateTime":1581352622000,"childCategory":[]}]},{"id":11,"name":"草莓","type":2,"parentId":3,"orderNum":2,"createTime":1576603020000,"updateTime":1577519082000,"childCategory":[]},{"id":12,"name":"奇异果","type":2,"parentId":3,"orderNum":3,"createTime":1576603020000,"updateTime":1577521512000,"childCategory":[]},{"id":14,"name":"车厘子","type":2,"parentId":3,"orderNum":4,"createTime":1576603020000,"updateTime":1577521512000,"childCategory":[]},{"id":28,"name":"其他水果","type":2,"parentId":3,"orderNum":4,"createTime":1576603020000,"updateTime":1577521512000,"childCategory":[]}]},{"id":5,"name":"海鲜水产","type":1,"parentId":0,"orderNum":2,"createTime":1576603020000,"updateTime":1577521520000,"childCategory":[{"id":7,"name":"螃蟹","type":2,"parentId":5,"orderNum":1,"createTime":1576603020000,"updateTime":1577521515000,"childCategory":[]},{"id":8,"name":"鱼类","type":2,"parentId":5,"orderNum":2,"createTime":1576603020000,"updateTime":1577521516000,"childCategory":[]},{"id":13,"name":"海参","type":2,"parentId":5,"orderNum":3,"createTime":1576603020000,"updateTime":1577521517000,"childCategory":[]}]},{"id":6,"name":"精选肉类","type":1,"parentId":0,"orderNum":3,"createTime":1576603020000,"updateTime":1577521521000,"childCategory":[{"id":16,"name":"牛羊肉","type":2,"parentId":6,"orderNum":1,"createTime":1576603020000,"updateTime":1577521518000,"childCategory":[]},{"id":30,"name":"鸭货1","type":2,"parentId":6,"orderNum":10,"createTime":1696422399000,"updateTime":1696424104000,"childCategory":[]}]},{"id":9,"name":"冷饮冻食","type":1,"parentId":0,"orderNum":4,"createTime":1576820728000,"updateTime":1577521522000,"childCategory":[{"id":17,"name":"冰淇淋","type":2,"parentId":9,"orderNum":1,"createTime":1576603020000,"updateTime":1577521518000,"childCategory":[]}]},{"id":10,"name":"蔬菜蛋品","type":1,"parentId":0,"orderNum":5,"createTime":1576820728000,"updateTime":1577521523000,"childCategory":[{"id":18,"name":"蔬菜综合","type":2,"parentId":10,"orderNum":1,"createTime":1576603020000,"updateTime":1581353307000,"childCategory":[]}]},{"id":27,"name":"美味菌菇","type":1,"parentId":0,"orderNum":7,"createTime":1576820728000,"updateTime":1581348036000,"childCategory":[{"id":15,"name":"火锅食材","type":2,"parentId":27,"orderNum":5,"createTime":1576603020000,"updateTime":1581352953000,"childCategory":[]}]}]}
[14:11:12:633] [INFO] - com.module.mall.filter.WebLogAspect.doBefore(WebLogAspect.java:39) - request url:http://127.0.0.1:8081/product/list
[14:11:12:633] [INFO] - com.module.mall.filter.WebLogAspect.doBefore(WebLogAspect.java:40) - request method:POST
[14:11:12:633] [INFO] - com.module.mall.filter.WebLogAspect.doBefore(WebLogAspect.java:41) - args : [ProductListReq{keyword='', categoryId=0, orderBy='price desc', pageNum=1, pageSize=5}]
[14:11:12:715] [INFO] - com.module.mall.filter.WebLogAspect.doAfterReturning(WebLogAspect.java:46) - return response : {"status":10000,"msg":"success","data":{"total":28,"list":[{"id":46,"name":"新增商品测试1","image":"https://ts4.cn.mm.bing.net/th?id=OIP-C.WkkIXkr-QmHImU57KtkYQgHaEo&w=316&h=197&c=8&rs=1&qlt=90&o=6&pid=3.1&rm=2","detail":"添加测试添加测试添加测试添加测试添加测试","categoryId":5,"price":1000,"stock":10,"status":1,"createTime":1697183574000,"updateTime":1697183574000},{"id":3,"name":"茶树菇 美味菌菇 东北山珍 500g","image":"http://111.231.103.117:8081/images/chashugu.jpg","detail":"商品名：茶树菇 商品特点：美味菌菇 东北山珍 500g","categoryId":15,"price":1000,"stock":6,"status":1,"createTime":1576656650000,"updateTime":1700355715000},{"id":57,"name":"新增商品测试2","image":"http://127.0.0.1:8081/images/6473c300-3dfd-4cb5-a85b-7ae51aeffd27.png","detail":"添加测试添加测试添加测试添加测试添加测试","categoryId":5,"price":1000,"stock":10,"status":1,"createTime":1703062518000,"updateTime":1703062518000},{"id":22,"name":"即食海参大连野生辽刺参 新鲜速食 特级生鲜海产 60~80G","image":"http://111.231.103.117:8081/images/haishen.jpg","detail":"商品毛重：1.5kg商品产地：中国大陆贮存条件：冷冻重量：50-99g国产/进口：国产适用场景：养生滋补包装：袋装原产地：辽宁年限：9年以上等级：特级食品工艺：冷冻水产热卖时间：9月类别：即食海参固形物含量：70%-90%特产品类：大连海参售卖方式：单品","categoryId":13,"price":699,"stock":3,"status":1,"createTime":1577517389000,"updateTime":1581350669000},{"id":21,"name":"智利原味三文鱼排（大西洋鲑）240g/袋 4片装","image":"http://111.231.103.117:8081/images/sanwenyu2.jpg","detail":"商品毛重：260.00g商品产地：中国大陆保存状态：冷冻国产/进口：进口包装：简装类别：三文鱼海水/淡水：海水烹饪建议：煎炸，蒸菜，烧烤原产地：智利","categoryId":8,"price":499,"stock":1,"status":1,"createTime":1577517187000,"updateTime":1581349126000}],"pageNum":1,"pageSize":5,"size":5,"startRow":1,"endRow":5,"pages":6,"prePage":0,"nextPage":2,"isFirstPage":true,"isLastPage":false,"hasPreviousPage":false,"hasNextPage":true,"navigatePages":8,"navigatepageNums":[1,2,3,4,5,6],"navigateFirstPage":1,"navigateLastPage":6}}
[14:13:57:727] [INFO] - com.module.mall.filter.WebLogAspect.doBefore(WebLogAspect.java:39) - request url:http://127.0.0.1:8081/category/list
[14:13:57:727] [INFO] - com.module.mall.filter.WebLogAspect.doBefore(WebLogAspect.java:40) - request method:POST
[14:13:57:727] [INFO] - com.module.mall.filter.WebLogAspect.doBefore(WebLogAspect.java:41) - args : []
[14:13:57:808] [INFO] - com.module.mall.filter.WebLogAspect.doAfterReturning(WebLogAspect.java:46) - return response : {"status":10000,"msg":"success","data":[{"id":3,"name":"新鲜水果","type":1,"parentId":0,"orderNum":1,"createTime":1576603020000,"updateTime":1577524286000,"childCategory":[{"id":4,"name":"橘子橙子","type":2,"parentId":3,"orderNum":1,"createTime":1576603020000,"updateTime":1577521510000,"childCategory":[{"id":19,"name":"果冻橙","type":3,"parentId":4,"orderNum":1,"createTime":1576603020000,"updateTime":1581352622000,"childCategory":[]}]},{"id":11,"name":"草莓","type":2,"parentId":3,"orderNum":2,"createTime":1576603020000,"updateTime":1577519082000,"childCategory":[]},{"id":12,"name":"奇异果","type":2,"parentId":3,"orderNum":3,"createTime":1576603020000,"updateTime":1577521512000,"childCategory":[]},{"id":14,"name":"车厘子","type":2,"parentId":3,"orderNum":4,"createTime":1576603020000,"updateTime":1577521512000,"childCategory":[]},{"id":28,"name":"其他水果","type":2,"parentId":3,"orderNum":4,"createTime":1576603020000,"updateTime":1577521512000,"childCategory":[]}]},{"id":5,"name":"海鲜水产","type":1,"parentId":0,"orderNum":2,"createTime":1576603020000,"updateTime":1577521520000,"childCategory":[{"id":7,"name":"螃蟹","type":2,"parentId":5,"orderNum":1,"createTime":1576603020000,"updateTime":1577521515000,"childCategory":[]},{"id":8,"name":"鱼类","type":2,"parentId":5,"orderNum":2,"createTime":1576603020000,"updateTime":1577521516000,"childCategory":[]},{"id":13,"name":"海参","type":2,"parentId":5,"orderNum":3,"createTime":1576603020000,"updateTime":1577521517000,"childCategory":[]}]},{"id":6,"name":"精选肉类","type":1,"parentId":0,"orderNum":3,"createTime":1576603020000,"updateTime":1577521521000,"childCategory":[{"id":16,"name":"牛羊肉","type":2,"parentId":6,"orderNum":1,"createTime":1576603020000,"updateTime":1577521518000,"childCategory":[]},{"id":30,"name":"鸭货1","type":2,"parentId":6,"orderNum":10,"createTime":1696422399000,"updateTime":1696424104000,"childCategory":[]}]},{"id":9,"name":"冷饮冻食","type":1,"parentId":0,"orderNum":4,"createTime":1576820728000,"updateTime":1577521522000,"childCategory":[{"id":17,"name":"冰淇淋","type":2,"parentId":9,"orderNum":1,"createTime":1576603020000,"updateTime":1577521518000,"childCategory":[]}]},{"id":10,"name":"蔬菜蛋品","type":1,"parentId":0,"orderNum":5,"createTime":1576820728000,"updateTime":1577521523000,"childCategory":[{"id":18,"name":"蔬菜综合","type":2,"parentId":10,"orderNum":1,"createTime":1576603020000,"updateTime":1581353307000,"childCategory":[]}]},{"id":27,"name":"美味菌菇","type":1,"parentId":0,"orderNum":7,"createTime":1576820728000,"updateTime":1581348036000,"childCategory":[{"id":15,"name":"火锅食材","type":2,"parentId":27,"orderNum":5,"createTime":1576603020000,"updateTime":1581352953000,"childCategory":[]}]}]}
[14:14:21:628] [INFO] - com.module.mall.filter.WebLogAspect.doBefore(WebLogAspect.java:39) - request url:http://127.0.0.1:8081/category/list
[14:14:21:628] [INFO] - com.module.mall.filter.WebLogAspect.doBefore(WebLogAspect.java:40) - request method:POST
[14:14:21:628] [INFO] - com.module.mall.filter.WebLogAspect.doBefore(WebLogAspect.java:41) - args : []
[14:14:21:651] [INFO] - com.module.mall.filter.WebLogAspect.doAfterReturning(WebLogAspect.java:46) - return response : {"status":10000,"msg":"success","data":[{"id":3,"name":"新鲜水果","type":1,"parentId":0,"orderNum":1,"createTime":1576603020000,"updateTime":1577524286000,"childCategory":[{"id":4,"name":"橘子橙子","type":2,"parentId":3,"orderNum":1,"createTime":1576603020000,"updateTime":1577521510000,"childCategory":[{"id":19,"name":"果冻橙","type":3,"parentId":4,"orderNum":1,"createTime":1576603020000,"updateTime":1581352622000,"childCategory":[]}]},{"id":11,"name":"草莓","type":2,"parentId":3,"orderNum":2,"createTime":1576603020000,"updateTime":1577519082000,"childCategory":[]},{"id":12,"name":"奇异果","type":2,"parentId":3,"orderNum":3,"createTime":1576603020000,"updateTime":1577521512000,"childCategory":[]},{"id":14,"name":"车厘子","type":2,"parentId":3,"orderNum":4,"createTime":1576603020000,"updateTime":1577521512000,"childCategory":[]},{"id":28,"name":"其他水果","type":2,"parentId":3,"orderNum":4,"createTime":1576603020000,"updateTime":1577521512000,"childCategory":[]}]},{"id":5,"name":"海鲜水产","type":1,"parentId":0,"orderNum":2,"createTime":1576603020000,"updateTime":1577521520000,"childCategory":[{"id":7,"name":"螃蟹","type":2,"parentId":5,"orderNum":1,"createTime":1576603020000,"updateTime":1577521515000,"childCategory":[]},{"id":8,"name":"鱼类","type":2,"parentId":5,"orderNum":2,"createTime":1576603020000,"updateTime":1577521516000,"childCategory":[]},{"id":13,"name":"海参","type":2,"parentId":5,"orderNum":3,"createTime":1576603020000,"updateTime":1577521517000,"childCategory":[]}]},{"id":6,"name":"精选肉类","type":1,"parentId":0,"orderNum":3,"createTime":1576603020000,"updateTime":1577521521000,"childCategory":[{"id":16,"name":"牛羊肉","type":2,"parentId":6,"orderNum":1,"createTime":1576603020000,"updateTime":1577521518000,"childCategory":[]},{"id":30,"name":"鸭货1","type":2,"parentId":6,"orderNum":10,"createTime":1696422399000,"updateTime":1696424104000,"childCategory":[]}]},{"id":9,"name":"冷饮冻食","type":1,"parentId":0,"orderNum":4,"createTime":1576820728000,"updateTime":1577521522000,"childCategory":[{"id":17,"name":"冰淇淋","type":2,"parentId":9,"orderNum":1,"createTime":1576603020000,"updateTime":1577521518000,"childCategory":[]}]},{"id":10,"name":"蔬菜蛋品","type":1,"parentId":0,"orderNum":5,"createTime":1576820728000,"updateTime":1577521523000,"childCategory":[{"id":18,"name":"蔬菜综合","type":2,"parentId":10,"orderNum":1,"createTime":1576603020000,"updateTime":1581353307000,"childCategory":[]}]},{"id":27,"name":"美味菌菇","type":1,"parentId":0,"orderNum":7,"createTime":1576820728000,"updateTime":1581348036000,"childCategory":[{"id":15,"name":"火锅食材","type":2,"parentId":27,"orderNum":5,"createTime":1576603020000,"updateTime":1581352953000,"childCategory":[]}]}]}
[14:14:27:040] [INFO] - com.module.mall.filter.WebLogAspect.doBefore(WebLogAspect.java:39) - request url:http://127.0.0.1:8081/category/list
[14:14:27:041] [INFO] - com.module.mall.filter.WebLogAspect.doBefore(WebLogAspect.java:40) - request method:POST
[14:14:27:041] [INFO] - com.module.mall.filter.WebLogAspect.doBefore(WebLogAspect.java:41) - args : []
[14:14:27:059] [INFO] - com.module.mall.filter.WebLogAspect.doAfterReturning(WebLogAspect.java:46) - return response : {"status":10000,"msg":"success","data":[{"id":3,"name":"新鲜水果","type":1,"parentId":0,"orderNum":1,"createTime":1576603020000,"updateTime":1577524286000,"childCategory":[{"id":4,"name":"橘子橙子","type":2,"parentId":3,"orderNum":1,"createTime":1576603020000,"updateTime":1577521510000,"childCategory":[{"id":19,"name":"果冻橙","type":3,"parentId":4,"orderNum":1,"createTime":1576603020000,"updateTime":1581352622000,"childCategory":[]}]},{"id":11,"name":"草莓","type":2,"parentId":3,"orderNum":2,"createTime":1576603020000,"updateTime":1577519082000,"childCategory":[]},{"id":12,"name":"奇异果","type":2,"parentId":3,"orderNum":3,"createTime":1576603020000,"updateTime":1577521512000,"childCategory":[]},{"id":14,"name":"车厘子","type":2,"parentId":3,"orderNum":4,"createTime":1576603020000,"updateTime":1577521512000,"childCategory":[]},{"id":28,"name":"其他水果","type":2,"parentId":3,"orderNum":4,"createTime":1576603020000,"updateTime":1577521512000,"childCategory":[]}]},{"id":5,"name":"海鲜水产","type":1,"parentId":0,"orderNum":2,"createTime":1576603020000,"updateTime":1577521520000,"childCategory":[{"id":7,"name":"螃蟹","type":2,"parentId":5,"orderNum":1,"createTime":1576603020000,"updateTime":1577521515000,"childCategory":[]},{"id":8,"name":"鱼类","type":2,"parentId":5,"orderNum":2,"createTime":1576603020000,"updateTime":1577521516000,"childCategory":[]},{"id":13,"name":"海参","type":2,"parentId":5,"orderNum":3,"createTime":1576603020000,"updateTime":1577521517000,"childCategory":[]}]},{"id":6,"name":"精选肉类","type":1,"parentId":0,"orderNum":3,"createTime":1576603020000,"updateTime":1577521521000,"childCategory":[{"id":16,"name":"牛羊肉","type":2,"parentId":6,"orderNum":1,"createTime":1576603020000,"updateTime":1577521518000,"childCategory":[]},{"id":30,"name":"鸭货1","type":2,"parentId":6,"orderNum":10,"createTime":1696422399000,"updateTime":1696424104000,"childCategory":[]}]},{"id":9,"name":"冷饮冻食","type":1,"parentId":0,"orderNum":4,"createTime":1576820728000,"updateTime":1577521522000,"childCategory":[{"id":17,"name":"冰淇淋","type":2,"parentId":9,"orderNum":1,"createTime":1576603020000,"updateTime":1577521518000,"childCategory":[]}]},{"id":10,"name":"蔬菜蛋品","type":1,"parentId":0,"orderNum":5,"createTime":1576820728000,"updateTime":1577521523000,"childCategory":[{"id":18,"name":"蔬菜综合","type":2,"parentId":10,"orderNum":1,"createTime":1576603020000,"updateTime":1581353307000,"childCategory":[]}]},{"id":27,"name":"美味菌菇","type":1,"parentId":0,"orderNum":7,"createTime":1576820728000,"updateTime":1581348036000,"childCategory":[{"id":15,"name":"火锅食材","type":2,"parentId":27,"orderNum":5,"createTime":1576603020000,"updateTime":1581352953000,"childCategory":[]}]}]}
[14:14:32:527] [INFO] - com.module.mall.filter.WebLogAspect.doBefore(WebLogAspect.java:39) - request url:http://127.0.0.1:8081/category/list
[14:14:32:528] [INFO] - com.module.mall.filter.WebLogAspect.doBefore(WebLogAspect.java:40) - request method:POST
[14:14:32:528] [INFO] - com.module.mall.filter.WebLogAspect.doBefore(WebLogAspect.java:41) - args : []
[14:14:32:631] [INFO] - com.module.mall.filter.WebLogAspect.doAfterReturning(WebLogAspect.java:46) - return response : {"status":10000,"msg":"success","data":[{"id":3,"name":"新鲜水果","type":1,"parentId":0,"orderNum":1,"createTime":1576603020000,"updateTime":1577524286000,"childCategory":[{"id":4,"name":"橘子橙子","type":2,"parentId":3,"orderNum":1,"createTime":1576603020000,"updateTime":1577521510000,"childCategory":[{"id":19,"name":"果冻橙","type":3,"parentId":4,"orderNum":1,"createTime":1576603020000,"updateTime":1581352622000,"childCategory":[]}]},{"id":11,"name":"草莓","type":2,"parentId":3,"orderNum":2,"createTime":1576603020000,"updateTime":1577519082000,"childCategory":[]},{"id":12,"name":"奇异果","type":2,"parentId":3,"orderNum":3,"createTime":1576603020000,"updateTime":1577521512000,"childCategory":[]},{"id":14,"name":"车厘子","type":2,"parentId":3,"orderNum":4,"createTime":1576603020000,"updateTime":1577521512000,"childCategory":[]},{"id":28,"name":"其他水果","type":2,"parentId":3,"orderNum":4,"createTime":1576603020000,"updateTime":1577521512000,"childCategory":[]}]},{"id":5,"name":"海鲜水产","type":1,"parentId":0,"orderNum":2,"createTime":1576603020000,"updateTime":1577521520000,"childCategory":[{"id":7,"name":"螃蟹","type":2,"parentId":5,"orderNum":1,"createTime":1576603020000,"updateTime":1577521515000,"childCategory":[]},{"id":8,"name":"鱼类","type":2,"parentId":5,"orderNum":2,"createTime":1576603020000,"updateTime":1577521516000,"childCategory":[]},{"id":13,"name":"海参","type":2,"parentId":5,"orderNum":3,"createTime":1576603020000,"updateTime":1577521517000,"childCategory":[]}]},{"id":6,"name":"精选肉类","type":1,"parentId":0,"orderNum":3,"createTime":1576603020000,"updateTime":1577521521000,"childCategory":[{"id":16,"name":"牛羊肉","type":2,"parentId":6,"orderNum":1,"createTime":1576603020000,"updateTime":1577521518000,"childCategory":[]},{"id":30,"name":"鸭货1","type":2,"parentId":6,"orderNum":10,"createTime":1696422399000,"updateTime":1696424104000,"childCategory":[]}]},{"id":9,"name":"冷饮冻食","type":1,"parentId":0,"orderNum":4,"createTime":1576820728000,"updateTime":1577521522000,"childCategory":[{"id":17,"name":"冰淇淋","type":2,"parentId":9,"orderNum":1,"createTime":1576603020000,"updateTime":1577521518000,"childCategory":[]}]},{"id":10,"name":"蔬菜蛋品","type":1,"parentId":0,"orderNum":5,"createTime":1576820728000,"updateTime":1577521523000,"childCategory":[{"id":18,"name":"蔬菜综合","type":2,"parentId":10,"orderNum":1,"createTime":1576603020000,"updateTime":1581353307000,"childCategory":[]}]},{"id":27,"name":"美味菌菇","type":1,"parentId":0,"orderNum":7,"createTime":1576820728000,"updateTime":1581348036000,"childCategory":[{"id":15,"name":"火锅食材","type":2,"parentId":27,"orderNum":5,"createTime":1576603020000,"updateTime":1581352953000,"childCategory":[]}]}]}
[14:15:17:233] [INFO] - com.module.mall.filter.WebLogAspect.doBefore(WebLogAspect.java:39) - request url:http://127.0.0.1:8081/category/list
[14:15:17:234] [INFO] - com.module.mall.filter.WebLogAspect.doBefore(WebLogAspect.java:40) - request method:POST
[14:15:17:235] [INFO] - com.module.mall.filter.WebLogAspect.doBefore(WebLogAspect.java:41) - args : []
[14:15:17:315] [INFO] - com.module.mall.filter.WebLogAspect.doAfterReturning(WebLogAspect.java:46) - return response : {"status":10000,"msg":"success","data":[{"id":3,"name":"新鲜水果","type":1,"parentId":0,"orderNum":1,"createTime":1576603020000,"updateTime":1577524286000,"childCategory":[{"id":4,"name":"橘子橙子","type":2,"parentId":3,"orderNum":1,"createTime":1576603020000,"updateTime":1577521510000,"childCategory":[{"id":19,"name":"果冻橙","type":3,"parentId":4,"orderNum":1,"createTime":1576603020000,"updateTime":1581352622000,"childCategory":[]}]},{"id":11,"name":"草莓","type":2,"parentId":3,"orderNum":2,"createTime":1576603020000,"updateTime":1577519082000,"childCategory":[]},{"id":12,"name":"奇异果","type":2,"parentId":3,"orderNum":3,"createTime":1576603020000,"updateTime":1577521512000,"childCategory":[]},{"id":14,"name":"车厘子","type":2,"parentId":3,"orderNum":4,"createTime":1576603020000,"updateTime":1577521512000,"childCategory":[]},{"id":28,"name":"其他水果","type":2,"parentId":3,"orderNum":4,"createTime":1576603020000,"updateTime":1577521512000,"childCategory":[]}]},{"id":5,"name":"海鲜水产","type":1,"parentId":0,"orderNum":2,"createTime":1576603020000,"updateTime":1577521520000,"childCategory":[{"id":7,"name":"螃蟹","type":2,"parentId":5,"orderNum":1,"createTime":1576603020000,"updateTime":1577521515000,"childCategory":[]},{"id":8,"name":"鱼类","type":2,"parentId":5,"orderNum":2,"createTime":1576603020000,"updateTime":1577521516000,"childCategory":[]},{"id":13,"name":"海参","type":2,"parentId":5,"orderNum":3,"createTime":1576603020000,"updateTime":1577521517000,"childCategory":[]}]},{"id":6,"name":"精选肉类","type":1,"parentId":0,"orderNum":3,"createTime":1576603020000,"updateTime":1577521521000,"childCategory":[{"id":16,"name":"牛羊肉","type":2,"parentId":6,"orderNum":1,"createTime":1576603020000,"updateTime":1577521518000,"childCategory":[]},{"id":30,"name":"鸭货1","type":2,"parentId":6,"orderNum":10,"createTime":1696422399000,"updateTime":1696424104000,"childCategory":[]}]},{"id":9,"name":"冷饮冻食","type":1,"parentId":0,"orderNum":4,"createTime":1576820728000,"updateTime":1577521522000,"childCategory":[{"id":17,"name":"冰淇淋","type":2,"parentId":9,"orderNum":1,"createTime":1576603020000,"updateTime":1577521518000,"childCategory":[]}]},{"id":10,"name":"蔬菜蛋品","type":1,"parentId":0,"orderNum":5,"createTime":1576820728000,"updateTime":1577521523000,"childCategory":[{"id":18,"name":"蔬菜综合","type":2,"parentId":10,"orderNum":1,"createTime":1576603020000,"updateTime":1581353307000,"childCategory":[]}]},{"id":27,"name":"美味菌菇","type":1,"parentId":0,"orderNum":7,"createTime":1576820728000,"updateTime":1581348036000,"childCategory":[{"id":15,"name":"火锅食材","type":2,"parentId":27,"orderNum":5,"createTime":1576603020000,"updateTime":1581352953000,"childCategory":[]}]}]}
[14:20:11:044] [INFO] - com.zaxxer.hikari.HikariDataSource.close(HikariDataSource.java:350) - mall_datasource - Shutdown initiated...
[14:20:11:046] [INFO] - com.zaxxer.hikari.HikariDataSource.close(HikariDataSource.java:352) - mall_datasource - Shutdown completed.
[14:42:45:464] [INFO] - org.springframework.boot.StartupInfoLogger.logStarting(StartupInfoLogger.java:55) - Starting MallApplication on lishuangqideMacBook-Air.local with PID 93614 (/Users/lishuangqi/myselfwork/spring_mall_demo/target/classes started by lishuangqi in /Users/lishuangqi/myselfwork/spring_mall_demo)
[14:42:45:466] [INFO] - org.springframework.boot.SpringApplication.logStartupProfileInfo(SpringApplication.java:655) - The following profiles are active: dev
[14:42:45:966] [INFO] - org.springframework.data.repository.config.RepositoryConfigurationDelegate.multipleStoresDetected(RepositoryConfigurationDelegate.java:246) - Multiple Spring Data modules found, entering strict repository configuration mode!
[14:42:45:968] [INFO] - org.springframework.data.repository.config.RepositoryConfigurationDelegate.registerRepositoriesIn(RepositoryConfigurationDelegate.java:126) - Bootstrapping Spring Data repositories in DEFAULT mode.
[14:42:45:982] [INFO] - org.springframework.data.repository.config.RepositoryConfigurationDelegate.registerRepositoriesIn(RepositoryConfigurationDelegate.java:184) - Finished Spring Data repository scanning in 4ms. Found 0 repository interfaces.
[14:42:46:124] [INFO] - org.springframework.context.support.PostProcessorRegistrationDelegate$BeanPostProcessorChecker.postProcessAfterInitialization(PostProcessorRegistrationDelegate.java:330) - Bean 'org.springframework.transaction.annotation.ProxyTransactionManagementConfiguration' of type [org.springframework.transaction.annotation.ProxyTransactionManagementConfiguration] is not eligible for getting processed by all BeanPostProcessors (for example: not eligible for auto-proxying)
[14:42:46:373] [INFO] - org.springframework.boot.web.embedded.tomcat.TomcatWebServer.initialize(TomcatWebServer.java:92) - Tomcat initialized with port(s): 8081 (http)
[14:42:46:378] [INFO] - org.apache.juli.logging.DirectJDKLog.log(DirectJDKLog.java:173) - Initializing ProtocolHandler ["http-nio-8081"]
[14:42:46:378] [INFO] - org.apache.juli.logging.DirectJDKLog.log(DirectJDKLog.java:173) - Starting service [Tomcat]
[14:42:46:378] [INFO] - org.apache.juli.logging.DirectJDKLog.log(DirectJDKLog.java:173) - Starting Servlet engine: [Apache Tomcat/9.0.27]
[14:42:46:412] [INFO] - org.apache.juli.logging.DirectJDKLog.log(DirectJDKLog.java:173) - Initializing Spring embedded WebApplicationContext
[14:42:46:413] [INFO] - org.springframework.boot.web.servlet.context.ServletWebServerApplicationContext.prepareWebApplicationContext(ServletWebServerApplicationContext.java:284) - Root WebApplicationContext: initialization completed in 926 ms
[14:42:47:139] [INFO] - org.springframework.boot.actuate.endpoint.web.EndpointLinksResolver.<init>(EndpointLinksResolver.java:58) - Exposing 2 endpoint(s) beneath base path '/actuator'
[14:42:47:198] [INFO] - springfox.documentation.spring.web.PropertySourcedRequestMappingHandlerMapping.initHandlerMethods(PropertySourcedRequestMappingHandlerMapping.java:69) - Mapped URL path [/v2/api-docs] onto method [springfox.documentation.swagger2.web.Swagger2Controller#getDocumentation(String, HttpServletRequest)]
[14:42:47:539] [INFO] - springfox.documentation.spring.web.plugins.DocumentationPluginsBootstrapper.start(DocumentationPluginsBootstrapper.java:160) - Context refreshed
[14:42:47:548] [INFO] - springfox.documentation.spring.web.plugins.DocumentationPluginsBootstrapper.start(DocumentationPluginsBootstrapper.java:163) - Found 1 custom documentation plugin(s)
[14:42:47:565] [INFO] - springfox.documentation.spring.web.scanners.ApiListingReferenceScanner.scan(ApiListingReferenceScanner.java:41) - Scanning for api listing references
[14:42:47:700] [INFO] - springfox.documentation.spring.web.readers.operation.CachingOperationNameGenerator.startingWith(CachingOperationNameGenerator.java:40) - Generating unique operation named: handleUsingGET_1
[14:42:47:701] [INFO] - springfox.documentation.spring.web.readers.operation.CachingOperationNameGenerator.startingWith(CachingOperationNameGenerator.java:40) - Generating unique operation named: handleUsingGET_2
[14:42:47:716] [INFO] - springfox.documentation.spring.web.readers.operation.CachingOperationNameGenerator.startingWith(CachingOperationNameGenerator.java:40) - Generating unique operation named: listUsingPOST_1
[14:42:47:741] [INFO] - springfox.documentation.spring.web.readers.operation.CachingOperationNameGenerator.startingWith(CachingOperationNameGenerator.java:40) - Generating unique operation named: listUsingPOST_2
[14:42:47:749] [INFO] - springfox.documentation.spring.web.readers.operation.CachingOperationNameGenerator.startingWith(CachingOperationNameGenerator.java:40) - Generating unique operation named: detailUsingPOST_1
[14:42:47:753] [INFO] - springfox.documentation.spring.web.readers.operation.CachingOperationNameGenerator.startingWith(CachingOperationNameGenerator.java:40) - Generating unique operation named: listUsingPOST_3
[14:42:47:817] [INFO] - org.apache.juli.logging.DirectJDKLog.log(DirectJDKLog.java:173) - Starting ProtocolHandler ["http-nio-8081"]
[14:42:47:831] [INFO] - org.springframework.boot.web.embedded.tomcat.TomcatWebServer.start(TomcatWebServer.java:204) - Tomcat started on port(s): 8081 (http) with context path ''
[14:42:47:833] [INFO] - org.springframework.boot.StartupInfoLogger.logStarted(StartupInfoLogger.java:61) - Started MallApplication in 2.603 seconds (JVM running for 3.088)
[14:42:48:153] [INFO] - org.apache.juli.logging.DirectJDKLog.log(DirectJDKLog.java:173) - Initializing Spring DispatcherServlet 'dispatcherServlet'
[14:42:48:153] [INFO] - org.springframework.web.servlet.FrameworkServlet.initServletBean(FrameworkServlet.java:525) - Initializing Servlet 'dispatcherServlet'
[14:42:48:156] [INFO] - com.zaxxer.hikari.HikariDataSource.getConnection(HikariDataSource.java:110) - mall_datasource - Starting...
[14:42:48:159] [INFO] - org.springframework.web.servlet.FrameworkServlet.initServletBean(FrameworkServlet.java:547) - Completed initialization in 6 ms
[14:42:48:233] [INFO] - com.zaxxer.hikari.HikariDataSource.getConnection(HikariDataSource.java:123) - mall_datasource - Start completed.
[14:42:48:785] [WARN] - org.springframework.boot.actuate.health.AbstractHealthIndicator.health(AbstractHealthIndicator.java:87) - Mail health check failed
javax.mail.AuthenticationFailedException: 535 Login Fail. Please enter your authorization code to login. More information in http://service.mail.qq.com/cgi-bin/help?subtype=1&&id=28&&no=1001256

	at com.sun.mail.smtp.SMTPTransport$Authenticator.authenticate(SMTPTransport.java:947) ~[jakarta.mail-1.6.4.jar:1.6.4]
	at com.sun.mail.smtp.SMTPTransport.authenticate(SMTPTransport.java:858) ~[jakarta.mail-1.6.4.jar:1.6.4]
	at com.sun.mail.smtp.SMTPTransport.protocolConnect(SMTPTransport.java:762) ~[jakarta.mail-1.6.4.jar:1.6.4]
	at javax.mail.Service.connect(Service.java:342) ~[jakarta.mail-1.6.4.jar:1.6.4]
	at org.springframework.mail.javamail.JavaMailSenderImpl.connectTransport(JavaMailSenderImpl.java:518) ~[spring-context-support-5.2.1.RELEASE.jar:5.2.1.RELEASE]
	at org.springframework.mail.javamail.JavaMailSenderImpl.testConnection(JavaMailSenderImpl.java:398) ~[spring-context-support-5.2.1.RELEASE.jar:5.2.1.RELEASE]
	at org.springframework.boot.actuate.mail.MailHealthIndicator.doHealthCheck(MailHealthIndicator.java:42) ~[spring-boot-actuator-2.2.1.RELEASE.jar:2.2.1.RELEASE]
	at org.springframework.boot.actuate.health.AbstractHealthIndicator.health(AbstractHealthIndicator.java:82) ~[spring-boot-actuator-2.2.1.RELEASE.jar:2.2.1.RELEASE]
	at org.springframework.boot.actuate.health.HealthIndicator.getHealth(HealthIndicator.java:37) ~[spring-boot-actuator-2.2.1.RELEASE.jar:2.2.1.RELEASE]
	at org.springframework.boot.actuate.health.HealthEndpoint.getHealth(HealthEndpoint.java:81) ~[spring-boot-actuator-2.2.1.RELEASE.jar:2.2.1.RELEASE]
	at org.springframework.boot.actuate.health.HealthEndpoint.getHealth(HealthEndpoint.java:38) ~[spring-boot-actuator-2.2.1.RELEASE.jar:2.2.1.RELEASE]
	at org.springframework.boot.actuate.health.HealthEndpointSupport.getContribution(HealthEndpointSupport.java:108) ~[spring-boot-actuator-2.2.1.RELEASE.jar:2.2.1.RELEASE]
	at org.springframework.boot.actuate.health.HealthEndpointSupport.getAggregateHealth(HealthEndpointSupport.java:119) ~[spring-boot-actuator-2.2.1.RELEASE.jar:2.2.1.RELEASE]
	at org.springframework.boot.actuate.health.HealthEndpointSupport.getContribution(HealthEndpointSupport.java:105) ~[spring-boot-actuator-2.2.1.RELEASE.jar:2.2.1.RELEASE]
	at org.springframework.boot.actuate.health.HealthEndpointSupport.getHealth(HealthEndpointSupport.java:83) ~[spring-boot-actuator-2.2.1.RELEASE.jar:2.2.1.RELEASE]
	at org.springframework.boot.actuate.health.HealthEndpointSupport.getHealth(HealthEndpointSupport.java:70) ~[spring-boot-actuator-2.2.1.RELEASE.jar:2.2.1.RELEASE]
	at org.springframework.boot.actuate.health.HealthEndpoint.health(HealthEndpoint.java:75) ~[spring-boot-actuator-2.2.1.RELEASE.jar:2.2.1.RELEASE]
	at org.springframework.boot.actuate.health.HealthEndpoint.health(HealthEndpoint.java:65) ~[spring-boot-actuator-2.2.1.RELEASE.jar:2.2.1.RELEASE]
	at sun.reflect.NativeMethodAccessorImpl.invoke0(Native Method) ~[?:1.8.0_381]
	at sun.reflect.NativeMethodAccessorImpl.invoke(NativeMethodAccessorImpl.java:62) ~[?:1.8.0_381]
	at sun.reflect.DelegatingMethodAccessorImpl.invoke(DelegatingMethodAccessorImpl.java:43) ~[?:1.8.0_381]
	at java.lang.reflect.Method.invoke(Method.java:498) ~[?:1.8.0_381]
	at org.springframework.util.ReflectionUtils.invokeMethod(ReflectionUtils.java:279) ~[spring-core-5.2.1.RELEASE.jar:5.2.1.RELEASE]
	at org.springframework.boot.actuate.endpoint.invoke.reflect.ReflectiveOperationInvoker.invoke(ReflectiveOperationInvoker.java:77) ~[spring-boot-actuator-2.2.1.RELEASE.jar:2.2.1.RELEASE]
	at org.springframework.boot.actuate.endpoint.annotation.AbstractDiscoveredOperation.invoke(AbstractDiscoveredOperation.java:60) ~[spring-boot-actuator-2.2.1.RELEASE.jar:2.2.1.RELEASE]
	at org.springframework.boot.actuate.endpoint.jmx.EndpointMBean.invoke(EndpointMBean.java:121) ~[spring-boot-actuator-2.2.1.RELEASE.jar:2.2.1.RELEASE]
	at org.springframework.boot.actuate.endpoint.jmx.EndpointMBean.invoke(EndpointMBean.java:96) ~[spring-boot-actuator-2.2.1.RELEASE.jar:2.2.1.RELEASE]
	at com.sun.jmx.interceptor.DefaultMBeanServerInterceptor.invoke(DefaultMBeanServerInterceptor.java:819) ~[?:1.8.0_381]
	at com.sun.jmx.mbeanserver.JmxMBeanServer.invoke(JmxMBeanServer.java:801) ~[?:1.8.0_381]
	at javax.management.remote.rmi.RMIConnectionImpl.doOperation(RMIConnectionImpl.java:1468) ~[?:1.8.0_381]
	at javax.management.remote.rmi.RMIConnectionImpl.access$300(RMIConnectionImpl.java:76) ~[?:1.8.0_381]
	at javax.management.remote.rmi.RMIConnectionImpl$PrivilegedOperation.run(RMIConnectionImpl.java:1309) ~[?:1.8.0_381]
	at javax.management.remote.rmi.RMIConnectionImpl.doPrivilegedOperation(RMIConnectionImpl.java:1401) ~[?:1.8.0_381]
	at javax.management.remote.rmi.RMIConnectionImpl.invoke(RMIConnectionImpl.java:829) ~[?:1.8.0_381]
	at sun.reflect.GeneratedMethodAccessor118.invoke(Unknown Source) ~[?:?]
	at sun.reflect.DelegatingMethodAccessorImpl.invoke(DelegatingMethodAccessorImpl.java:43) ~[?:1.8.0_381]
	at java.lang.reflect.Method.invoke(Method.java:498) ~[?:1.8.0_381]
	at sun.rmi.server.UnicastServerRef.dispatch(UnicastServerRef.java:357) ~[?:1.8.0_381]
	at sun.rmi.transport.Transport$1.run(Transport.java:200) ~[?:1.8.0_381]
	at sun.rmi.transport.Transport$1.run(Transport.java:197) ~[?:1.8.0_381]
	at java.security.AccessController.doPrivileged(Native Method) ~[?:1.8.0_381]
	at sun.rmi.transport.Transport.serviceCall(Transport.java:196) ~[?:1.8.0_381]
	at sun.rmi.transport.tcp.TCPTransport.handleMessages(TCPTransport.java:573) ~[?:1.8.0_381]
	at sun.rmi.transport.tcp.TCPTransport$ConnectionHandler.run0(TCPTransport.java:834) ~[?:1.8.0_381]
	at sun.rmi.transport.tcp.TCPTransport$ConnectionHandler.lambda$run$0(TCPTransport.java:688) ~[?:1.8.0_381]
	at java.security.AccessController.doPrivileged(Native Method) ~[?:1.8.0_381]
	at sun.rmi.transport.tcp.TCPTransport$ConnectionHandler.run(TCPTransport.java:687) [?:1.8.0_381]
	at java.util.concurrent.ThreadPoolExecutor.runWorker(ThreadPoolExecutor.java:1149) [?:1.8.0_381]
	at java.util.concurrent.ThreadPoolExecutor$Worker.run(ThreadPoolExecutor.java:624) [?:1.8.0_381]
	at java.lang.Thread.run(Thread.java:750) [?:1.8.0_381]
[14:42:48:940] [INFO] - io.lettuce.core.EpollProvider.<clinit>(EpollProvider.java:68) - Starting without optional epoll library
[14:42:48:941] [INFO] - io.lettuce.core.KqueueProvider.<clinit>(KqueueProvider.java:70) - Starting without optional kqueue library
[14:42:53:618] [INFO] - com.zaxxer.hikari.HikariDataSource.close(HikariDataSource.java:350) - mall_datasource - Shutdown initiated...
[14:42:53:620] [INFO] - com.zaxxer.hikari.HikariDataSource.close(HikariDataSource.java:352) - mall_datasource - Shutdown completed.
